<?xml version="1.0"?><coverage lines-covered="62" lines-valid="89" line-rate="0.6966292134831461" branches-covered="0" branches-valid="0" branch-rate="0" complexity="0" version="1.9" timestamp="1627738688"><sources><source>/home/saru/Lab/Rust/riosh</source></sources><packages><package name="src" line-rate="0.6966292134831461" branch-rate="0" complexity="0"><classes><class name="main" filename="src/main.rs" line-rate="0" branch-rate="0" complexity="0"><methods/><lines><line number="11" hits="0"/><line number="16" hits="0"/><line number="23" hits="0"/><line number="31" hits="0"/><line number="39" hits="0"/><line number="40" hits="0"/><line number="43" hits="0"/><line number="44" hits="0"/><line number="46" hits="0"/><line number="49" hits="0"/><line number="50" hits="0"/><line number="51" hits="0"/><line number="53" hits="0"/><line number="54" hits="0"/><line number="55" hits="0"/><line number="56" hits="0"/><line number="57" hits="0"/><line number="60" hits="0"/><line number="62" hits="0"/><line number="63" hits="0"/><line number="68" hits="0"/><line number="71" hits="0"/></lines></class><class name="shell" filename="src/shell.rs" line-rate="0.9253731343283582" branch-rate="0" complexity="0"><methods/><lines><line number="18" hits="1"/><line number="20" hits="1"/><line number="21" hits="1"/><line number="28" hits="1"/><line number="29" hits="1"/><line number="30" hits="2"/><line number="31" hits="1"/><line number="33" hits="0"/><line number="38" hits="1"/><line number="39" hits="5"/><line number="40" hits="2"/><line number="41" hits="0"/><line number="43" hits="1"/><line number="45" hits="1"/><line number="48" hits="1"/><line number="50" hits="1"/><line number="52" hits="1"/><line number="58" hits="1"/><line number="59" hits="1"/><line number="60" hits="2"/><line number="61" hits="2"/><line number="62" hits="2"/><line number="63" hits="2"/><line number="65" hits="1"/><line number="66" hits="1"/><line number="69" hits="1"/><line number="72" hits="1"/><line number="77" hits="1"/><line number="78" hits="1"/><line number="80" hits="1"/><line number="81" hits="1"/><line number="82" hits="1"/><line number="83" hits="1"/><line number="87" hits="1"/><line number="88" hits="1"/><line number="89" hits="2"/><line number="90" hits="1"/><line number="91" hits="1"/><line number="92" hits="1"/><line number="93" hits="0"/><line number="94" hits="0"/><line number="96" hits="2"/><line number="100" hits="2"/><line number="101" hits="0"/><line number="103" hits="1"/><line number="107" hits="1"/><line number="108" hits="3"/><line number="110" hits="2"/><line number="111" hits="2"/><line number="115" hits="1"/><line number="126" hits="1"/><line number="128" hits="1"/><line number="129" hits="1"/><line number="137" hits="3"/><line number="138" hits="1"/><line number="139" hits="1"/><line number="144" hits="4"/><line number="145" hits="1"/><line number="146" hits="1"/><line number="150" hits="3"/><line number="151" hits="1"/><line number="152" hits="1"/><line number="156" hits="3"/><line number="157" hits="1"/><line number="158" hits="1"/><line number="162" hits="3"/><line number="163" hits="1"/></lines></class></classes></package></packages></coverage>